<?xml version="1.0" encoding="UTF-8"?>
<testng-results ignored="0" total="3" passed="3" failed="0" skipped="0">
  <reporter-output>
  </reporter-output>
  <suite started-at="2025-06-28T12:52:42 GMT-04:00" name="Default suite" finished-at="2025-06-28T12:53:04 GMT-04:00" duration-ms="22457">
    <groups>
      <group name="cucumber">
        <method signature="AbstractTestNGCucumberTests.runScenario(io.cucumber.testng.PickleWrapper,io.cucumber.testng.FeatureWrapper)[pri:0, instance:runner.TestRunner@3a0baae5]" name="runScenario" class="io.cucumber.testng.AbstractTestNGCucumberTests"/>
      </group> <!-- cucumber -->
    </groups>
    <test started-at="2025-06-28T12:52:42 GMT-04:00" name="Default test" finished-at="2025-06-28T12:53:04 GMT-04:00" duration-ms="22457">
      <class name="runner.TestRunner">
        <test-method is-config="true" signature="setBrowser(java.lang.String)[pri:0, instance:runner.TestRunner@3a0baae5]" started-at="2025-06-28T12:52:42 GMT-04:00" name="setBrowser" finished-at="2025-06-28T12:52:42 GMT-04:00" duration-ms="34" status="PASS">
          <params>
            <param index="0">
              <value>
                <![CDATA[Edge]]>
              </value>
            </param>
          </params>
          <reporter-output>
          </reporter-output>
        </test-method> <!-- setBrowser -->
        <test-method is-config="true" signature="setUpClass(org.testng.ITestContext)[pri:0, instance:runner.TestRunner@3a0baae5]" started-at="2025-06-28T12:52:42 GMT-04:00" name="setUpClass" finished-at="2025-06-28T12:52:42 GMT-04:00" duration-ms="765" status="PASS">
          <params>
            <param index="0">
              <value>
                <![CDATA[org.testng.TestRunner@749ab7b4]]>
              </value>
            </param>
          </params>
          <reporter-output>
          </reporter-output>
        </test-method> <!-- setUpClass -->
        <test-method signature="runScenario(io.cucumber.testng.PickleWrapper,io.cucumber.testng.FeatureWrapper)[pri:0, instance:runner.TestRunner@3a0baae5]" started-at="2025-06-28T12:52:42 GMT-04:00" name="runScenario" description="Runs Cucumber Scenarios" data-provider="scenarios" finished-at="2025-06-28T12:53:04 GMT-04:00" duration-ms="21483" status="PASS">
          <params>
            <param index="0">
              <value>
                <![CDATA["Verify the homepage heading is visible"]]>
              </value>
            </param>
            <param index="1">
              <value>
                <![CDATA["LaunchPage2 feature"]]>
              </value>
            </param>
          </params>
          <reporter-output>
          </reporter-output>
        </test-method> <!-- runScenario -->
        <test-method signature="runScenario(io.cucumber.testng.PickleWrapper,io.cucumber.testng.FeatureWrapper)[pri:0, instance:runner.TestRunner@3a0baae5]" started-at="2025-06-28T12:52:42 GMT-04:00" name="runScenario" description="Runs Cucumber Scenarios" data-provider="scenarios" finished-at="2025-06-28T12:53:03 GMT-04:00" duration-ms="20986" status="PASS">
          <params>
            <param index="0">
              <value>
                <![CDATA["Verify the Start Today input button is visible"]]>
              </value>
            </param>
            <param index="1">
              <value>
                <![CDATA["LaunchPage2 feature"]]>
              </value>
            </param>
          </params>
          <reporter-output>
          </reporter-output>
        </test-method> <!-- runScenario -->
        <test-method signature="runScenario(io.cucumber.testng.PickleWrapper,io.cucumber.testng.FeatureWrapper)[pri:0, instance:runner.TestRunner@3a0baae5]" started-at="2025-06-28T12:52:42 GMT-04:00" name="runScenario" description="Runs Cucumber Scenarios" data-provider="scenarios" finished-at="2025-06-28T12:53:03 GMT-04:00" duration-ms="20986" status="PASS">
          <params>
            <param index="0">
              <value>
                <![CDATA["Validate the presence of App Name on the home page"]]>
              </value>
            </param>
            <param index="1">
              <value>
                <![CDATA["Home Page feature"]]>
              </value>
            </param>
          </params>
          <reporter-output>
          </reporter-output>
        </test-method> <!-- runScenario -->
        <test-method is-config="true" signature="tearDownClass()[pri:0, instance:runner.TestRunner@3a0baae5]" started-at="2025-06-28T12:53:04 GMT-04:00" name="tearDownClass" finished-at="2025-06-28T12:53:04 GMT-04:00" duration-ms="108" status="PASS">
          <reporter-output>
          </reporter-output>
        </test-method> <!-- tearDownClass -->
      </class> <!-- runner.TestRunner -->
    </test> <!-- Default test -->
  </suite> <!-- Default suite -->
</testng-results>
